<?xml version="1.0" encoding="UTF-8" ?>
<testsuite failures="0" time="0.47" errors="0" skipped="0" tests="1" name="utd.pallet.classification.MalletClassifierTest">
  <properties>
    <property name="java.vendor" value="Sun Microsystems Inc."/>
    <property name="localRepository" value="C:\Users\pralabh\.m2\repository"/>
    <property name="sun.java.launcher" value="SUN_STANDARD"/>
    <property name="env.TRACE_FORMAT_SEARCH_PATH" value="\\NTREL202.ntdev.corp.microsoft.com\4F18C3A5-CA09-4DBD-B6FC-219FDD4C6BE0\TraceFormat"/>
    <property name="sun.management.compiler" value="HotSpot Client Compiler"/>
    <property name="env.PROMPT" value="$P$G"/>
    <property name="os.name" value="Windows Vista"/>
    <property name="env.FP_NO_HOST_CHECK" value="NO"/>
    <property name="sun.boot.class.path" value="C:\Program Files\Java\jdk1.6.0_14\jre\lib\resources.jar;C:\Program Files\Java\jdk1.6.0_14\jre\lib\rt.jar;C:\Program Files\Java\jdk1.6.0_14\jre\lib\sunrsasign.jar;C:\Program Files\Java\jdk1.6.0_14\jre\lib\jsse.jar;C:\Program Files\Java\jdk1.6.0_14\jre\lib\jce.jar;C:\Program Files\Java\jdk1.6.0_14\jre\lib\charsets.jar;C:\Program Files\Java\jdk1.6.0_14\jre\classes"/>
    <property name="env.QMAKESPEC" value="win32-msvc"/>
    <property name="env.COMPUTERNAME" value="PRALABH-PC"/>
    <property name="env.ALLUSERSPROFILE" value="C:\ProgramData"/>
    <property name="sun.desktop" value="windows"/>
    <property name="java.vm.specification.vendor" value="Sun Microsystems Inc."/>
    <property name="java.runtime.version" value="1.6.0_14-b08"/>
    <property name="env.HOMEPATH" value="\Users\pralabh"/>
    <property name="user.name" value="pralabh"/>
    <property name="user.language" value="en"/>
    <property name="sun.boot.library.path" value="C:\Program Files\Java\jdk1.6.0_14\jre\bin"/>
    <property name="classworlds.conf" value="C:\Users\pralabh\workspace67\.metadata\.plugins\org.maven.ide.eclipse\launches\m2conf2296782058413227959.tmp"/>
    <property name="java.version" value="1.6.0_14"/>
    <property name="env.PROCESSOR_IDENTIFIER" value="x86 Family 6 Model 15 Stepping 13, GenuineIntel"/>
    <property name="user.timezone" value=""/>
    <property name="env.TEMP" value="C:\Users\pralabh\AppData\Local\Temp"/>
    <property name="sun.arch.data.model" value="32"/>
    <property name="env.classpath" value=".;.;C:\PROGRA~1\JMF21~1.1E\lib\sound.jar;C:\PROGRA~1\JMF21~1.1E\lib\jmf.jar;C:\PROGRA~1\JMF21~1.1E\lib;.;C:\Users\pralabh\Desktop\jena1\Jena-2.5.7\lib;C:\Users\pralabh\Downloads\mysql-connector-java-5.1.7\mysql-connector-java-5.1.7-bin.jar;C:\Users\pralabh\Desktop\Junit\junit4.6\junit-4.6.jar"/>
    <property name="java.endorsed.dirs" value="C:\Program Files\Java\jdk1.6.0_14\jre\lib\endorsed"/>
    <property name="sun.cpu.isalist" value="pentium_pro+mmx pentium_pro pentium+mmx pentium i486 i386 i86"/>
    <property name="env.HOMEDRIVE" value="C:"/>
    <property name="sun.jnu.encoding" value="Cp1252"/>
    <property name="file.encoding.pkg" value="sun.io"/>
    <property name="file.separator" value="\"/>
    <property name="java.specification.name" value="Java Platform API Specification"/>
    <property name="java.class.version" value="50.0"/>
    <property name="user.country" value="US"/>
    <property name="java.home" value="C:\Program Files\Java\jdk1.6.0_14\jre"/>
    <property name="env.APPDATA" value="C:\Users\pralabh\AppData\Roaming"/>
    <property name="env.PUBLIC" value="C:\Users\Public"/>
    <property name="java.vm.info" value="mixed mode, sharing"/>
    <property name="env.ComSpec" value="C:\Windows\system32\cmd.exe"/>
    <property name="env.OS" value="Windows_NT"/>
    <property name="env.CommonProgramFiles" value="C:\Program Files\Common Files"/>
    <property name="os.version" value="6.0"/>
    <property name="path.separator" value=";"/>
    <property name="java.vm.version" value="14.0-b16"/>
    <property name="user.variant" value=""/>
    <property name="env.USERPROFILE" value="C:\Users\pralabh"/>
    <property name="env.JAVA_HOME" value="C:\Program Files\Java\jdk1.6.0_14"/>
    <property name="java.awt.printerjob" value="sun.awt.windows.WPrinterJob"/>
    <property name="env.TMP" value="C:\Users\pralabh\AppData\Local\Temp"/>
    <property name="sun.io.unicode.encoding" value="UnicodeLittle"/>
    <property name="awt.toolkit" value="sun.awt.windows.WToolkit"/>
    <property name="user.home" value="C:\Users\pralabh"/>
    <property name="env.ProgramData" value="C:\ProgramData"/>
    <property name="env.SESSIONNAME" value="Console"/>
    <property name="java.specification.vendor" value="Sun Microsystems Inc."/>
    <property name="env.NUMBER_OF_PROCESSORS" value="2"/>
    <property name="java.library.path" value="C:\Program Files\Java\jdk1.6.0_14\bin;.;C:\Windows\Sun\Java\bin;C:\Windows\system32;C:\Windows;C:/Program Files/Java/jre6/bin/client;C:/Program Files/Java/jre6/bin;C:\Program Files\Common Files\NetSarang;C:\Windows\system32;C:\Windows;C:\Windows\System32\Wbem;C:\Program Files\Common Files\Roxio Shared\10.0\DLLShared\;c:\Program Files\Microsoft SQL Server\90\Tools\binn\;C:\PROGRA~1\XRay;C:\Program Files\TortoiseSVN\bin;C:\Program Files\Java\jdk1.6.0_14\bin;C:\Qt\qt\;C:\Program Files\JMF2.1.1e\lib;C:\Ant\apache-ant-1.7.1\bin;C:\Users\pralabh\Desktop\apache-maven-2.1.0\bin"/>
    <property name="java.vendor.url" value="http://java.sun.com/"/>
    <property name="java.vm.vendor" value="Sun Microsystems Inc."/>
    <property name="maven.home" value="EMBEDDED"/>
    <property name="java.runtime.name" value="Java(TM) SE Runtime Environment"/>
    <property name="java.class.path" value="/C:/Users/pralabh/Desktop/New Folder (4)/eclipse/plugins/org.maven.ide.components.maven_embedder_2.1.0.20080530-2300/jars/plexus-classworlds-1.2-alpha-12.jar"/>
    <property name="env.DFSTRACINGON" value="FALSE"/>
    <property name="java.vm.specification.name" value="Java Virtual Machine Specification"/>
    <property name="env.LOGONSERVER" value="\\PRALABH-PC"/>
    <property name="env.windir" value="C:\Windows"/>
    <property name="java.vm.specification.version" value="1.0"/>
    <property name="env.PROCESSOR_ARCHITECTURE" value="x86"/>
    <property name="m2eclipse.workspace.state" value="C:\Users\pralabh\workspace67\.metadata\.plugins\org.maven.ide.eclipse\workspacestate.properties"/>
    <property name="sun.os.patch.level" value="Service Pack 1"/>
    <property name="sun.cpu.endian" value="little"/>
    <property name="env.ProgramFiles" value="C:\Program Files"/>
    <property name="env.ANT_HOME" value="C:\Ant\apache-ant-1.7.1"/>
    <property name="surefire.test.class.path" value="C:\Users\pralabh\workspace67\pallet-classify\target\test-classes;C:\Users\pralabh\workspace67\pallet-classify\target\classes;C:\Users\pralabh\.m2\repository\umass\mallet\mallet\2.0\mallet-2.0.jar;C:\Users\pralabh\workspace67\pallet-data\target\classes;C:\Users\pralabh\.m2\repository\com\hp\hpl\jena\arq\2.8.0\arq-2.8.0.jar;C:\Users\pralabh\.m2\repository\com\hp\hpl\jena\jena\2.6.0\jena-2.6.0.jar;C:\Users\pralabh\.m2\repository\com\hp\hpl\jena\jenatest\2.6.0\jenatest-2.6.0.jar;C:\Users\pralabh\.m2\repository\org\codehaus\woodstox\wstx-asl\3.2.9\wstx-asl-3.2.9.jar;C:\Users\pralabh\.m2\repository\stax\stax-api\1.0.1\stax-api-1.0.1.jar;C:\Users\pralabh\.m2\repository\org\apache\lucene\lucene-core\2.3.1\lucene-core-2.3.1.jar;C:\Users\pralabh\.m2\repository\junit\junit\4.5\junit-4.5.jar;C:\Users\pralabh\.m2\repository\org\slf4j\slf4j-api\1.5.6\slf4j-api-1.5.6.jar;C:\Users\pralabh\.m2\repository\xerces\xercesImpl\2.7.1\xercesImpl-2.7.1.jar;C:\Users\pralabh\.m2\repository\com\hp\hpl\jena\iri\0.7\iri-0.7.jar;C:\Users\pralabh\.m2\repository\com\ibm\icu\icu4j\3.4.4\icu4j-3.4.4.jar;C:\Users\pralabh\.m2\repository\org\slf4j\slf4j-log4j12\1.5.6\slf4j-log4j12-1.5.6.jar;C:\Users\pralabh\.m2\repository\log4j\log4j\1.2.12\log4j-1.2.12.jar;C:\Users\pralabh\.m2\repository\trove\trove\2.1.1\trove-2.1.1.jar;"/>
    <property name="java.io.tmpdir" value="C:\Users\pralabh\AppData\Local\Temp\"/>
    <property name="env.PROCESSOR_REVISION" value="0f0d"/>
    <property name="java.vendor.url.bug" value="http://java.sun.com/cgi-bin/bugreport.cgi"/>
    <property name="env.SystemRoot" value="C:\Windows"/>
    <property name="java.awt.graphicsenv" value="sun.awt.Win32GraphicsEnvironment"/>
    <property name="os.arch" value="x86"/>
    <property name="java.ext.dirs" value="C:\Program Files\Java\jdk1.6.0_14\jre\lib\ext;C:\Windows\Sun\Java\lib\ext"/>
    <property name="user.dir" value="C:\Users\pralabh\workspace67\pallet-classify"/>
    <property name="env.LOCALAPPDATA" value="C:\Users\pralabh\AppData\Local"/>
    <property name="line.separator" value="
"/>
    <property name="java.vm.name" value="Java HotSpot(TM) Client VM"/>
    <property name="env.PATHEXT" value=".COM;.EXE;.BAT;.CMD;.VBS;.VBE;.JS;.JSE;.WSF;.WSH;.MSC"/>
    <property name="env.Path" value="C:/Program Files/Java/jre6/bin/client;C:/Program Files/Java/jre6/bin;C:\Program Files\Common Files\NetSarang;C:\Windows\system32;C:\Windows;C:\Windows\System32\Wbem;C:\Program Files\Common Files\Roxio Shared\10.0\DLLShared\;c:\Program Files\Microsoft SQL Server\90\Tools\binn\;C:\PROGRA~1\XRay;C:\Program Files\TortoiseSVN\bin;C:\Program Files\Java\jdk1.6.0_14\bin;C:\Qt\qt\;C:\Program Files\JMF2.1.1e\lib;C:\Ant\apache-ant-1.7.1\bin;C:\Users\pralabh\Desktop\apache-maven-2.1.0\bin"/>
    <property name="basedir" value="C:\Users\pralabh\workspace67\pallet-classify"/>
    <property name="maven.mode.standalone" value="true"/>
    <property name="env.USERNAME" value="pralabh"/>
    <property name="env.SystemDrive" value="C:"/>
    <property name="file.encoding" value="Cp1252"/>
    <property name="env.USERDOMAIN" value="pralabh-PC"/>
    <property name="java.specification.version" value="1.6"/>
    <property name="env.PROCESSOR_LEVEL" value="6"/>
  </properties>
  <testcase time="0.404" classname="utd.pallet.classification.MalletClassifierTest" name="testMalletClassification"/>
</testsuite>